[2024-12-16 01:34:57 : INFO] - Cache for multiple term taxonomy have been purged due to post terms update, triggered by action: set_object_terms 
[2024-12-16 01:34:57 : INFO] - Cache for multiple term taxonomy have been purged due to post terms update, triggered by action: set_object_terms 
[2024-12-16 01:34:58 : INFO] - Cache for URL: https://specmatic.dvox.biz/appearance/goto-copenhagen-10x-devex-shift-left-api-governance-cycletime-2/ has been purged, triggered by action: save_post 
[2024-12-16 01:34:58 : INFO] - Cache for archive page associated with post_type: appearance and Title: "GOTO Copenhagen: 10x DevEx: Shift-left API Governance = CycleTime/2" has been purged, triggered by action: save_post 
[2024-12-16 01:36:23 : INFO] - Cache for multiple term taxonomy have been purged due to post terms update, triggered by action: set_object_terms 
[2024-12-16 01:36:23 : INFO] - Cache for multiple term taxonomy have been purged due to post terms update, triggered by action: set_object_terms 
[2024-12-16 01:36:23 : INFO] - Cache for URL: https://specmatic.dvox.biz/appearance/goto-copenhagen-10x-devex-shift-left-api-governance-cycletime-2/ has been purged, triggered by action: save_post 
[2024-12-16 01:36:23 : INFO] - Cache for archive page associated with post_type: appearance and Title: "GOTO Copenhagen: 10x DevEx: Shift-left API Governance = CycleTime/2" has been purged, triggered by action: save_post 
[2024-12-17 22:22:40 : INFO] - Cache for URL: https://specmatic.dvox.biz/how-tmforum-automated-their-api-factory/ has been purged, triggered by action: save_post 
[2024-12-17 22:22:41 : INFO] - Cache for URL: https://specmatic.dvox.biz/how-tmforum-automated-their-api-factory/ has been purged, triggered by action: save_post 
[2024-12-17 22:22:42 : INFO] - Cache for URL: https://specmatic.dvox.biz/how-tmforum-automated-their-api-factory/ has been purged, triggered by action: save_post 
[2024-12-17 22:25:02 : INFO] - Cache for URL: https://specmatic.dvox.biz/how-tmforum-automated-their-api-factory/ has been purged, triggered by action: save_post 
[2024-12-17 22:25:03 : INFO] - Cache for URL: https://specmatic.dvox.biz/how-tmforum-automated-their-api-factory/ has been purged, triggered by action: save_post 
[2024-12-17 22:25:04 : INFO] - Cache for URL: https://specmatic.dvox.biz/how-tmforum-automated-their-api-factory/ has been purged, triggered by action: save_post 
[2024-12-17 23:25:47 : INFO] - Cache for URL: https://specmatic.dvox.biz/how-tmforum-automated-their-api-factory/ has been purged, triggered by action: save_post 
[2024-12-17 23:25:48 : INFO] - Cache for URL: https://specmatic.dvox.biz/how-tmforum-automated-their-api-factory/ has been purged, triggered by action: save_post 
[2024-12-17 23:25:50 : INFO] - Cache for URL: https://specmatic.dvox.biz/how-tmforum-automated-their-api-factory/ has been purged, triggered by action: save_post 
[2024-12-17 23:32:50 : INFO] - Cache for URL: https://specmatic.dvox.biz/how-tmforum-automated-their-api-factory/ has been purged, triggered by action: save_post 
[2024-12-17 23:32:52 : INFO] - Cache for URL: https://specmatic.dvox.biz/how-tmforum-automated-their-api-factory/ has been purged, triggered by action: save_post 
[2024-12-17 23:32:53 : INFO] - Cache for URL: https://specmatic.dvox.biz/how-tmforum-automated-their-api-factory/ has been purged, triggered by action: save_post 
[2024-12-17 23:45:22 : INFO] - Cache for URL: https://specmatic.dvox.biz/how-tmforum-automated-their-api-factory/ has been purged, triggered by action: save_post 
[2024-12-17 23:45:23 : INFO] - Cache for URL: https://specmatic.dvox.biz/how-tmforum-automated-their-api-factory/ has been purged, triggered by action: save_post 
[2024-12-17 23:45:24 : INFO] - Cache for URL: https://specmatic.dvox.biz/how-tmforum-automated-their-api-factory/ has been purged, triggered by action: save_post 
[2024-12-17 23:47:03 : INFO] - Cache for URL: https://specmatic.dvox.biz/how-tmforum-automated-their-api-factory/ has been purged, triggered by action: save_post 
[2024-12-17 23:47:04 : INFO] - Cache for URL: https://specmatic.dvox.biz/how-tmforum-automated-their-api-factory/ has been purged, triggered by action: save_post 
[2024-12-17 23:47:05 : INFO] - Cache for URL: https://specmatic.dvox.biz/how-tmforum-automated-their-api-factory/ has been purged, triggered by action: save_post 
[2024-12-17 23:48:40 : INFO] - Cache for URL: https://specmatic.dvox.biz/how-tmforum-automated-their-api-factory/ has been purged, triggered by action: save_post 
[2024-12-17 23:48:41 : INFO] - Cache for URL: https://specmatic.dvox.biz/how-tmforum-automated-their-api-factory/ has been purged, triggered by action: save_post 
[2024-12-17 23:48:42 : INFO] - Cache for URL: https://specmatic.dvox.biz/how-tmforum-automated-their-api-factory/ has been purged, triggered by action: save_post 
[2024-12-18 00:13:26 : INFO] - Cache for URL: https://specmatic.dvox.biz/how-tmforum-automated-their-api-factory/ has been purged, triggered by action: save_post 
[2024-12-18 00:13:27 : INFO] - Cache for URL: https://specmatic.dvox.biz/how-tmforum-automated-their-api-factory/ has been purged, triggered by action: save_post 
[2024-12-18 00:13:28 : INFO] - Cache for URL: https://specmatic.dvox.biz/how-tmforum-automated-their-api-factory/ has been purged, triggered by action: save_post 
[2024-12-18 00:17:29 : INFO] - Cache for URL: https://specmatic.dvox.biz/how-tmforum-automated-their-api-factory/ has been purged, triggered by action: save_post 
[2024-12-18 00:17:30 : INFO] - Cache for URL: https://specmatic.dvox.biz/how-tmforum-automated-their-api-factory/ has been purged, triggered by action: save_post 
[2024-12-18 00:17:31 : INFO] - Cache for URL: https://specmatic.dvox.biz/how-tmforum-automated-their-api-factory/ has been purged, triggered by action: save_post 
[2024-12-18 00:19:25 : INFO] - Cache for URL: https://specmatic.dvox.biz/how-tmforum-automated-their-api-factory/ has been purged, triggered by action: save_post 
[2024-12-18 00:19:26 : INFO] - Cache for URL: https://specmatic.dvox.biz/how-tmforum-automated-their-api-factory/ has been purged, triggered by action: save_post 
[2024-12-18 00:19:27 : INFO] - Cache for URL: https://specmatic.dvox.biz/how-tmforum-automated-their-api-factory/ has been purged, triggered by action: save_post 
[2024-12-18 00:26:31 : INFO] - Cache for URL: https://specmatic.dvox.biz/how-tmforum-automated-their-api-factory/ has been purged, triggered by action: save_post 
[2024-12-18 00:26:32 : INFO] - Cache for URL: https://specmatic.dvox.biz/how-tmforum-automated-their-api-factory/ has been purged, triggered by action: save_post 
[2024-12-18 00:26:33 : INFO] - Cache for URL: https://specmatic.dvox.biz/how-tmforum-automated-their-api-factory/ has been purged, triggered by action: save_post 
[2024-12-18 00:29:00 : INFO] - Cache for URL: https://specmatic.dvox.biz/how-tmforum-automated-their-api-factory/ has been purged, triggered by action: save_post 
[2024-12-18 00:29:01 : INFO] - Cache for URL: https://specmatic.dvox.biz/how-tmforum-automated-their-api-factory/ has been purged, triggered by action: save_post 
[2024-12-18 00:29:03 : INFO] - Cache for URL: https://specmatic.dvox.biz/how-tmforum-automated-their-api-factory/ has been purged, triggered by action: save_post 
[2024-12-18 00:30:33 : INFO] - Cache for URL: https://specmatic.dvox.biz/how-tmforum-automated-their-api-factory/ has been purged, triggered by action: save_post 
[2024-12-18 00:30:34 : INFO] - Cache for URL: https://specmatic.dvox.biz/how-tmforum-automated-their-api-factory/ has been purged, triggered by action: save_post 
[2024-12-18 00:30:35 : INFO] - Cache for URL: https://specmatic.dvox.biz/how-tmforum-automated-their-api-factory/ has been purged, triggered by action: save_post 
[2024-12-18 00:36:12 : INFO] - Cache for URL: https://specmatic.dvox.biz/how-tmforum-automated-their-api-factory/ has been purged, triggered by action: save_post 
[2024-12-18 00:36:13 : INFO] - Cache for URL: https://specmatic.dvox.biz/how-tmforum-automated-their-api-factory/ has been purged, triggered by action: save_post 
[2024-12-18 00:36:15 : INFO] - Cache for URL: https://specmatic.dvox.biz/how-tmforum-automated-their-api-factory/ has been purged, triggered by action: save_post 
[2024-12-18 00:41:38 : INFO] - Cache for URL: https://specmatic.dvox.biz/how-tmforum-automated-their-api-factory/ has been purged, triggered by action: save_post 
[2024-12-18 00:41:39 : INFO] - Cache for URL: https://specmatic.dvox.biz/how-tmforum-automated-their-api-factory/ has been purged, triggered by action: save_post 
[2024-12-18 00:41:40 : INFO] - Cache for URL: https://specmatic.dvox.biz/how-tmforum-automated-their-api-factory/ has been purged, triggered by action: save_post 
[2024-12-18 00:42:36 : INFO] - Cache for URL: https://specmatic.dvox.biz/how-tmforum-automated-their-api-factory/ has been purged, triggered by action: save_post 
[2024-12-18 00:42:37 : INFO] - Cache for URL: https://specmatic.dvox.biz/how-tmforum-automated-their-api-factory/ has been purged, triggered by action: save_post 
[2024-12-18 00:42:38 : INFO] - Cache for URL: https://specmatic.dvox.biz/how-tmforum-automated-their-api-factory/ has been purged, triggered by action: save_post 
[2024-12-18 01:55:06 : INFO] - Cache for URL: https://specmatic.dvox.biz/how-tmforum-automated-their-api-factory/ has been purged, triggered by action: save_post 
[2024-12-18 01:55:07 : INFO] - Cache for URL: https://specmatic.dvox.biz/how-tmforum-automated-their-api-factory/ has been purged, triggered by action: save_post 
[2024-12-18 01:55:09 : INFO] - Cache for URL: https://specmatic.dvox.biz/how-tmforum-automated-their-api-factory/ has been purged, triggered by action: save_post 
[2024-12-18 02:00:13 : INFO] - Cache for URL: https://specmatic.dvox.biz/how-tmforum-automated-their-api-factory/ has been purged, triggered by action: save_post 
[2024-12-18 02:00:14 : INFO] - Cache for URL: https://specmatic.dvox.biz/how-tmforum-automated-their-api-factory/ has been purged, triggered by action: save_post 
[2024-12-18 02:00:15 : INFO] - Cache for URL: https://specmatic.dvox.biz/how-tmforum-automated-their-api-factory/ has been purged, triggered by action: save_post 
[2024-12-18 02:02:38 : INFO] - Cache for URL: https://specmatic.dvox.biz/how-tmforum-automated-their-api-factory/ has been purged, triggered by action: save_post 
[2024-12-18 02:02:39 : INFO] - Cache for URL: https://specmatic.dvox.biz/how-tmforum-automated-their-api-factory/ has been purged, triggered by action: save_post 
[2024-12-18 02:02:40 : INFO] - Cache for URL: https://specmatic.dvox.biz/how-tmforum-automated-their-api-factory/ has been purged, triggered by action: save_post 
[2024-12-18 02:04:32 : INFO] - Cache for URL: https://specmatic.dvox.biz/how-tmforum-automated-their-api-factory/ has been purged, triggered by action: save_post 
[2024-12-18 02:04:34 : INFO] - Cache for URL: https://specmatic.dvox.biz/how-tmforum-automated-their-api-factory/ has been purged, triggered by action: save_post 
[2024-12-18 02:04:35 : INFO] - Cache for URL: https://specmatic.dvox.biz/how-tmforum-automated-their-api-factory/ has been purged, triggered by action: save_post 
[2024-12-18 02:06:04 : INFO] - Cache for URL: https://specmatic.dvox.biz/how-tmforum-automated-their-api-factory/ has been purged, triggered by action: save_post 
[2024-12-18 02:06:06 : INFO] - Cache for URL: https://specmatic.dvox.biz/how-tmforum-automated-their-api-factory/ has been purged, triggered by action: save_post 
[2024-12-18 02:06:07 : INFO] - Cache for URL: https://specmatic.dvox.biz/how-tmforum-automated-their-api-factory/ has been purged, triggered by action: save_post 
[2024-12-18 02:06:19 : INFO] - Cache for URL: https://specmatic.dvox.biz/how-tmforum-automated-their-api-factory/ has been purged, triggered by action: save_post 
[2024-12-18 02:06:20 : INFO] - Cache for URL: https://specmatic.dvox.biz/how-tmforum-automated-their-api-factory/ has been purged, triggered by action: save_post 
[2024-12-18 02:06:21 : INFO] - Cache for URL: https://specmatic.dvox.biz/how-tmforum-automated-their-api-factory/ has been purged, triggered by action: save_post 
[2024-12-18 02:13:32 : INFO] - Cache for URL: https://specmatic.dvox.biz/how-tmforum-automated-their-api-factory/ has been purged, triggered by action: save_post 
[2024-12-18 02:13:33 : INFO] - Cache for URL: https://specmatic.dvox.biz/how-tmforum-automated-their-api-factory/ has been purged, triggered by action: save_post 
[2024-12-18 02:13:34 : INFO] - Cache for URL: https://specmatic.dvox.biz/how-tmforum-automated-their-api-factory/ has been purged, triggered by action: save_post 
[2024-12-18 02:22:26 : INFO] - Cache for URL: https://specmatic.dvox.biz/how-tmforum-automated-their-api-factory/ has been purged, triggered by action: save_post 
[2024-12-18 02:22:28 : INFO] - Cache for URL: https://specmatic.dvox.biz/how-tmforum-automated-their-api-factory/ has been purged, triggered by action: save_post 
[2024-12-18 02:22:29 : INFO] - Cache for URL: https://specmatic.dvox.biz/how-tmforum-automated-their-api-factory/ has been purged, triggered by action: save_post 
[2024-12-18 02:22:44 : INFO] - Cache for URL: https://specmatic.dvox.biz/how-tmforum-automated-their-api-factory/ has been purged, triggered by action: save_post 
[2024-12-18 02:22:45 : INFO] - Cache for URL: https://specmatic.dvox.biz/how-tmforum-automated-their-api-factory/ has been purged, triggered by action: save_post 
[2024-12-18 02:22:46 : INFO] - Cache for URL: https://specmatic.dvox.biz/how-tmforum-automated-their-api-factory/ has been purged, triggered by action: save_post 
[2024-12-18 02:27:51 : INFO] - Cache for URL: https://specmatic.dvox.biz/how-tmforum-automated-their-api-factory/ has been purged, triggered by action: save_post 
[2024-12-18 02:27:52 : INFO] - Cache for URL: https://specmatic.dvox.biz/how-tmforum-automated-their-api-factory/ has been purged, triggered by action: save_post 
[2024-12-18 02:27:53 : INFO] - Cache for URL: https://specmatic.dvox.biz/how-tmforum-automated-their-api-factory/ has been purged, triggered by action: save_post 
[2024-12-18 02:28:09 : INFO] - Cache for URL: https://specmatic.dvox.biz/how-tmforum-automated-their-api-factory/ has been purged, triggered by action: save_post 
[2024-12-18 02:28:10 : INFO] - Cache for URL: https://specmatic.dvox.biz/how-tmforum-automated-their-api-factory/ has been purged, triggered by action: save_post 
[2024-12-18 02:28:11 : INFO] - Cache for URL: https://specmatic.dvox.biz/how-tmforum-automated-their-api-factory/ has been purged, triggered by action: save_post 
[2024-12-18 02:29:16 : INFO] - Cache for URL: https://specmatic.dvox.biz/how-tmforum-automated-their-api-factory/ has been purged, triggered by action: save_post 
[2024-12-18 02:29:17 : INFO] - Cache for URL: https://specmatic.dvox.biz/how-tmforum-automated-their-api-factory/ has been purged, triggered by action: save_post 
[2024-12-18 02:29:18 : INFO] - Cache for URL: https://specmatic.dvox.biz/how-tmforum-automated-their-api-factory/ has been purged, triggered by action: save_post 
[2024-12-18 02:31:18 : INFO] - Cache for URL: https://specmatic.dvox.biz/how-tmforum-automated-their-api-factory/ has been purged, triggered by action: save_post 
[2024-12-18 02:31:19 : INFO] - Cache for URL: https://specmatic.dvox.biz/how-tmforum-automated-their-api-factory/ has been purged, triggered by action: save_post 
[2024-12-18 02:31:20 : INFO] - Cache for URL: https://specmatic.dvox.biz/how-tmforum-automated-their-api-factory/ has been purged, triggered by action: save_post 
[2024-12-18 02:48:19 : INFO] - Cache for URL: https://specmatic.dvox.biz/how-tmforum-automated-their-api-factory/ has been purged, triggered by action: save_post 
[2024-12-18 02:48:20 : INFO] - Cache for URL: https://specmatic.dvox.biz/how-tmforum-automated-their-api-factory/ has been purged, triggered by action: save_post 
[2024-12-18 02:48:21 : INFO] - Cache for URL: https://specmatic.dvox.biz/how-tmforum-automated-their-api-factory/ has been purged, triggered by action: save_post 
[2024-12-18 02:52:04 : INFO] - Cache for URL: https://specmatic.dvox.biz/how-tmforum-automated-their-api-factory/ has been purged, triggered by action: save_post 
[2024-12-18 02:52:05 : INFO] - Cache for URL: https://specmatic.dvox.biz/how-tmforum-automated-their-api-factory/ has been purged, triggered by action: save_post 
[2024-12-18 02:52:06 : INFO] - Cache for URL: https://specmatic.dvox.biz/how-tmforum-automated-their-api-factory/ has been purged, triggered by action: save_post 
[2024-12-18 02:53:07 : INFO] - Cache for URL: https://specmatic.dvox.biz/how-tmforum-automated-their-api-factory/ has been purged, triggered by action: save_post 
[2024-12-18 02:53:08 : INFO] - Cache for URL: https://specmatic.dvox.biz/how-tmforum-automated-their-api-factory/ has been purged, triggered by action: save_post 
[2024-12-18 02:53:10 : INFO] - Cache for URL: https://specmatic.dvox.biz/how-tmforum-automated-their-api-factory/ has been purged, triggered by action: save_post 
[2024-12-18 02:54:33 : INFO] - Cache for URL: https://specmatic.dvox.biz/how-tmforum-automated-their-api-factory/ has been purged, triggered by action: save_post 
[2024-12-18 02:54:34 : INFO] - Cache for URL: https://specmatic.dvox.biz/how-tmforum-automated-their-api-factory/ has been purged, triggered by action: save_post 
[2024-12-18 02:54:35 : INFO] - Cache for URL: https://specmatic.dvox.biz/how-tmforum-automated-their-api-factory/ has been purged, triggered by action: save_post 
[2024-12-18 02:54:36 : INFO] - Cache for URL: https://specmatic.dvox.biz/how-tmforum-automated-their-api-factory/ has been purged, triggered by action: save_post 
[2024-12-18 04:32:36 : INFO] - Cache for URL: https://specmatic.dvox.biz/?page_id=6395 has been purged, triggered by action: save_post 
[2024-12-18 04:32:57 : INFO] - Cache for URL: https://specmatic.dvox.biz/case-studies/ has been purged, triggered by action: save_post 
[2024-12-18 04:33:01 : INFO] - Cache for URL: https://specmatic.dvox.biz/case-studies/ has been purged, triggered by action: save_post 
[2024-12-19 03:43:50 : INFO] - Cache for URL: https://specmatic.dvox.biz/how-tmforum-automated-their-api-factory/ has been purged, triggered by action: save_post 
[2024-12-19 03:43:52 : INFO] - Cache for URL: https://specmatic.dvox.biz/how-tmforum-automated-their-api-factory/ has been purged, triggered by action: save_post 
[2024-12-19 03:43:53 : INFO] - Cache for URL: https://specmatic.dvox.biz/how-tmforum-automated-their-api-factory/ has been purged, triggered by action: save_post 
[2024-12-19 03:43:54 : INFO] - Cache for URL: https://specmatic.dvox.biz/how-tmforum-automated-their-api-factory/ has been purged, triggered by action: save_post 
[2024-12-19 04:01:11 : INFO] - Cache for URL: https://specmatic.dvox.biz/case-studies/ has been purged, triggered by action: save_post 
[2024-12-19 04:01:12 : INFO] - Cache for URL: https://specmatic.dvox.biz/case-studies/ has been purged, triggered by action: save_post 
[2024-12-19 04:01:13 : INFO] - Cache for URL: https://specmatic.dvox.biz/case-studies/ has been purged, triggered by action: save_post 
[2024-12-19 04:14:48 : INFO] - Cache for URL: https://specmatic.dvox.biz/how-tmforum-automated-their-api-factory/ has been purged, triggered by action: save_post 
[2024-12-19 04:14:53 : INFO] - Cache for URL: https://specmatic.dvox.biz/how-tmforum-automated-their-api-factory/ has been purged, triggered by action: save_post 
[2024-12-19 04:16:08 : INFO] - Cache for URL: https://specmatic.dvox.biz/case-study-cdd-cut-api-cycle-time-by-75-percent/ has been purged, triggered by action: save_post 
[2024-12-19 04:16:12 : INFO] - Cache for URL: https://specmatic.dvox.biz/case-study-cdd-cut-api-cycle-time-by-75-percent/ has been purged, triggered by action: save_post 
[2024-12-19 04:49:47 : INFO] - Cache for URL: https://specmatic.dvox.biz/ has been purged, triggered by action: save_post 
[2024-12-19 04:49:49 : INFO] - Cache for URL: https://specmatic.dvox.biz/ has been purged, triggered by action: save_post 
[2024-12-19 04:49:51 : INFO] - Cache for URL: https://specmatic.dvox.biz/ has been purged, triggered by action: save_post 
[2024-12-19 04:49:54 : INFO] - Cache for URL: https://specmatic.dvox.biz/ has been purged, triggered by action: save_post 
[2024-12-19 05:24:07 : INFO] - Cache for URL: https://specmatic.dvox.biz/ has been purged, triggered by action: save_post 
[2024-12-19 05:24:09 : INFO] - Cache for URL: https://specmatic.dvox.biz/ has been purged, triggered by action: save_post 
[2024-12-19 05:24:11 : INFO] - Cache for URL: https://specmatic.dvox.biz/ has been purged, triggered by action: save_post 
[2024-12-19 05:24:13 : INFO] - Cache for URL: https://specmatic.dvox.biz/ has been purged, triggered by action: save_post 
[2024-12-19 05:31:40 : INFO] - Cache for URL: https://specmatic.dvox.biz/ has been purged, triggered by action: save_post 
[2024-12-19 05:31:42 : INFO] - Cache for URL: https://specmatic.dvox.biz/ has been purged, triggered by action: save_post 
[2024-12-19 05:31:44 : INFO] - Cache for URL: https://specmatic.dvox.biz/ has been purged, triggered by action: save_post 
[2024-12-19 05:31:46 : INFO] - Cache for URL: https://specmatic.dvox.biz/ has been purged, triggered by action: save_post 
[2024-12-19 06:22:19 : INFO] - Cache for URL: https://specmatic.dvox.biz/case-studies/ has been purged, triggered by action: save_post 
[2024-12-19 06:22:20 : INFO] - Cache for URL: https://specmatic.dvox.biz/case-studies/ has been purged, triggered by action: save_post 
[2024-12-19 06:22:21 : INFO] - Cache for URL: https://specmatic.dvox.biz/case-studies/ has been purged, triggered by action: save_post 
[2024-12-19 06:28:38 : INFO] - Cache for URL: https://specmatic.dvox.biz/articles/ has been purged, triggered by action: save_post 
[2024-12-19 06:28:39 : INFO] - Cache for URL: https://specmatic.dvox.biz/articles/ has been purged, triggered by action: save_post 
[2024-12-19 06:28:41 : INFO] - Cache for URL: https://specmatic.dvox.biz/articles/ has been purged, triggered by action: save_post 
[2024-12-19 06:36:50 : INFO] - Cache for URL: https://specmatic.dvox.biz/appearances/ has been purged, triggered by action: save_post 
[2024-12-19 06:36:51 : INFO] - Cache for URL: https://specmatic.dvox.biz/appearances/ has been purged, triggered by action: save_post 
[2024-12-19 06:36:54 : INFO] - Cache for URL: https://specmatic.dvox.biz/appearances/ has been purged, triggered by action: save_post 
[2024-12-20 02:22:28 : INFO] - Cache for URL: https://specmatic.dvox.biz/how-tmforum-automated-their-api-factory/ has been purged, triggered by action: save_post 
[2024-12-20 02:22:30 : INFO] - Cache for URL: https://specmatic.dvox.biz/how-tmforum-automated-their-api-factory/ has been purged, triggered by action: save_post 
[2024-12-20 02:22:31 : INFO] - Cache for URL: https://specmatic.dvox.biz/how-tmforum-automated-their-api-factory/ has been purged, triggered by action: save_post 
[2024-12-20 02:25:28 : INFO] - Cache for URL: https://specmatic.dvox.biz/case-studies/ has been purged, triggered by action: save_post 
[2024-12-20 02:25:29 : INFO] - Cache for URL: https://specmatic.dvox.biz/case-studies/ has been purged, triggered by action: save_post 
[2024-12-20 02:25:31 : INFO] - Cache for URL: https://specmatic.dvox.biz/case-studies/ has been purged, triggered by action: save_post 
[2024-12-20 02:52:00 : INFO] - Cache for URL: https://specmatic.dvox.biz/case-studies/ has been purged, triggered by action: save_post 
[2024-12-20 02:52:01 : INFO] - Cache for URL: https://specmatic.dvox.biz/case-studies/ has been purged, triggered by action: save_post 
[2024-12-20 02:52:02 : INFO] - Cache for URL: https://specmatic.dvox.biz/case-studies/ has been purged, triggered by action: save_post 
[2024-12-20 03:28:54 : INFO] - Cache for URL: https://specmatic.dvox.biz/ has been purged, triggered by action: save_post 
[2024-12-20 03:28:55 : INFO] - Cache for URL: https://specmatic.dvox.biz/ has been purged, triggered by action: save_post 
[2024-12-20 03:28:59 : INFO] - Cache for URL: https://specmatic.dvox.biz/ has been purged, triggered by action: save_post 
[2024-12-20 03:29:01 : INFO] - Cache for URL: https://specmatic.dvox.biz/ has been purged, triggered by action: save_post 
[2024-12-20 03:41:31 : INFO] - Cache for URL: https://specmatic.dvox.biz/ has been purged, triggered by action: save_post 
[2024-12-20 03:41:32 : INFO] - Cache for URL: https://specmatic.dvox.biz/ has been purged, triggered by action: save_post 
[2024-12-20 03:41:33 : INFO] - Cache for URL: https://specmatic.dvox.biz/ has been purged, triggered by action: save_post 
[2024-12-20 03:41:34 : INFO] - Cache for URL: https://specmatic.dvox.biz/ has been purged, triggered by action: save_post 
[2024-12-20 05:36:32 : INFO] - Cache for URL: https://specmatic.dvox.biz/ has been purged, triggered by action: save_post 
[2024-12-20 05:36:32 : INFO] - Cache for URL: https://specmatic.dvox.biz/ has been purged, triggered by action: save_post 
[2024-12-20 05:36:33 : INFO] - Cache for URL: https://specmatic.dvox.biz/ has been purged, triggered by action: save_post 
[2024-12-20 05:36:34 : INFO] - Cache for URL: https://specmatic.dvox.biz/ has been purged, triggered by action: save_post 
[2024-12-20 05:45:33 : INFO] - Cache for URL: https://specmatic.dvox.biz/ has been purged, triggered by action: save_post 
[2024-12-20 05:45:34 : INFO] - Cache for URL: https://specmatic.dvox.biz/ has been purged, triggered by action: save_post 
[2024-12-20 05:45:36 : INFO] - Cache for URL: https://specmatic.dvox.biz/ has been purged, triggered by action: save_post 
[2024-12-20 05:45:36 : INFO] - Cache for URL: https://specmatic.dvox.biz/ has been purged, triggered by action: save_post 
[2024-12-22 17:40:46 : INFO] - Cache for URL: https://specmatic.dvox.biz/how-tmforum-automated-their-api-factory/ has been purged, triggered by action: save_post 
[2024-12-22 17:40:46 : INFO] - Cache for URL: https://specmatic.dvox.biz/how-tmforum-automated-their-api-factory/ has been purged, triggered by action: save_post 
[2024-12-22 17:40:47 : INFO] - Cache for URL: https://specmatic.dvox.biz/how-tmforum-automated-their-api-factory/ has been purged, triggered by action: save_post 
[2024-12-22 17:41:26 : INFO] - Cache for URL: https://specmatic.dvox.biz/how-tmforum-automated-their-api-factory/ has been purged, triggered by action: save_post 
[2024-12-22 17:41:26 : INFO] - Cache for URL: https://specmatic.dvox.biz/how-tmforum-automated-their-api-factory/ has been purged, triggered by action: save_post 
[2024-12-22 17:41:26 : INFO] - Cache for URL: https://specmatic.dvox.biz/how-tmforum-automated-their-api-factory/ has been purged, triggered by action: save_post 
[2024-12-22 17:42:28 : INFO] - Cache for URL: https://specmatic.dvox.biz/case-studies/how-tmforum-automated-their-api-factory/ has been purged, triggered by action: save_post 
[2024-12-22 17:42:30 : INFO] - Cache for URL: https://specmatic.dvox.biz/case-studies/how-tmforum-automated-their-api-factory/ has been purged, triggered by action: save_post 
[2024-12-22 17:43:22 : INFO] - Cache for URL: https://specmatic.dvox.biz/case-studies/case-study-cdd-cut-api-cycle-time-by-75-percent/ has been purged, triggered by action: save_post 
[2024-12-22 17:43:24 : INFO] - Cache for URL: https://specmatic.dvox.biz/case-studies/case-study-cdd-cut-api-cycle-time-by-75-percent/ has been purged, triggered by action: save_post 
[2024-12-24 00:10:38 : INFO] - Cache for URL: https://specmatic.dvox.biz/ has been purged, triggered by action: save_post 
[2024-12-24 00:10:39 : INFO] - Cache for URL: https://specmatic.dvox.biz/ has been purged, triggered by action: save_post 
[2024-12-24 00:10:39 : INFO] - Cache for URL: https://specmatic.dvox.biz/ has been purged, triggered by action: save_post 
[2024-12-24 00:10:40 : INFO] - Cache for URL: https://specmatic.dvox.biz/ has been purged, triggered by action: save_post 
[2024-12-24 01:57:30 : INFO] - Cache for URL: https://specmatic.dvox.biz/ has been purged, triggered by action: save_post 
[2024-12-24 01:57:31 : INFO] - Cache for URL: https://specmatic.dvox.biz/ has been purged, triggered by action: save_post 
[2024-12-24 01:57:32 : INFO] - Cache for URL: https://specmatic.dvox.biz/ has been purged, triggered by action: save_post 
[2024-12-24 01:57:32 : INFO] - Cache for URL: https://specmatic.dvox.biz/ has been purged, triggered by action: save_post 
[2024-12-24 02:06:24 : INFO] - Cache for URL: https://specmatic.dvox.biz/ has been purged, triggered by action: save_post 
[2024-12-24 02:06:24 : INFO] - Cache for URL: https://specmatic.dvox.biz/ has been purged, triggered by action: save_post 
[2024-12-24 02:06:25 : INFO] - Cache for URL: https://specmatic.dvox.biz/ has been purged, triggered by action: save_post 
[2024-12-24 02:06:26 : INFO] - Cache for URL: https://specmatic.dvox.biz/ has been purged, triggered by action: save_post 
[2024-12-24 02:08:04 : INFO] - Cache for URL: https://specmatic.dvox.biz/ has been purged, triggered by action: save_post 
[2024-12-24 02:08:04 : INFO] - Cache for URL: https://specmatic.dvox.biz/ has been purged, triggered by action: save_post 
[2024-12-24 02:08:06 : INFO] - Cache for URL: https://specmatic.dvox.biz/ has been purged, triggered by action: save_post 
[2024-12-24 02:08:07 : INFO] - Cache for URL: https://specmatic.dvox.biz/ has been purged, triggered by action: save_post 
[2024-12-24 02:12:52 : INFO] - Cache for URL: https://specmatic.dvox.biz/ has been purged, triggered by action: save_post 
[2024-12-24 02:12:52 : INFO] - Cache for URL: https://specmatic.dvox.biz/ has been purged, triggered by action: save_post 
[2024-12-24 02:12:53 : INFO] - Cache for URL: https://specmatic.dvox.biz/ has been purged, triggered by action: save_post 
[2024-12-24 02:12:54 : INFO] - Cache for URL: https://specmatic.dvox.biz/ has been purged, triggered by action: save_post 
[2024-12-24 02:19:58 : INFO] - Cache for URL: https://specmatic.dvox.biz/roadmap/ has been purged, triggered by action: save_post 
[2024-12-24 02:19:58 : INFO] - Cache for URL: https://specmatic.dvox.biz/roadmap/ has been purged, triggered by action: save_post 
[2024-12-24 02:19:59 : INFO] - Cache for URL: https://specmatic.dvox.biz/roadmap/ has been purged, triggered by action: save_post 
[2024-12-24 02:20:46 : INFO] - Cache for URL: https://specmatic.dvox.biz/ has been purged, triggered by action: save_post 
[2024-12-24 02:20:47 : INFO] - Cache for URL: https://specmatic.dvox.biz/ has been purged, triggered by action: save_post 
[2024-12-24 02:20:48 : INFO] - Cache for URL: https://specmatic.dvox.biz/ has been purged, triggered by action: save_post 
[2024-12-24 02:20:48 : INFO] - Cache for URL: https://specmatic.dvox.biz/ has been purged, triggered by action: save_post 
[2024-12-24 02:41:44 : INFO] - Cache for URL: https://specmatic.dvox.biz/roadmap/ has been purged, triggered by action: save_post 
[2024-12-24 02:41:44 : INFO] - Cache for URL: https://specmatic.dvox.biz/roadmap/ has been purged, triggered by action: save_post 
[2024-12-24 02:41:45 : INFO] - Cache for URL: https://specmatic.dvox.biz/roadmap/ has been purged, triggered by action: save_post 
[2024-12-24 02:42:04 : INFO] - Cache for URL: https://specmatic.dvox.biz/roadmap/ has been purged, triggered by action: save_post 
[2024-12-24 02:42:05 : INFO] - Cache for URL: https://specmatic.dvox.biz/roadmap/ has been purged, triggered by action: save_post 
[2024-12-24 02:42:05 : INFO] - Cache for URL: https://specmatic.dvox.biz/roadmap/ has been purged, triggered by action: save_post 
[2024-12-24 02:42:44 : INFO] - Cache for URL: https://specmatic.dvox.biz/roadmap/ has been purged, triggered by action: save_post 
[2024-12-24 02:42:44 : INFO] - Cache for URL: https://specmatic.dvox.biz/roadmap/ has been purged, triggered by action: save_post 
[2024-12-24 02:42:45 : INFO] - Cache for URL: https://specmatic.dvox.biz/roadmap/ has been purged, triggered by action: save_post 
[2024-12-24 02:44:21 : INFO] - Cache for URL: https://specmatic.dvox.biz/roadmap/ has been purged, triggered by action: save_post 
[2024-12-24 02:44:21 : INFO] - Cache for URL: https://specmatic.dvox.biz/roadmap/ has been purged, triggered by action: save_post 
[2024-12-24 02:44:21 : INFO] - Cache for URL: https://specmatic.dvox.biz/roadmap/ has been purged, triggered by action: save_post 
[2024-12-24 02:46:35 : INFO] - Cache for URL: https://specmatic.dvox.biz/roadmap/ has been purged, triggered by action: save_post 
[2024-12-24 02:46:35 : INFO] - Cache for URL: https://specmatic.dvox.biz/roadmap/ has been purged, triggered by action: save_post 
[2024-12-24 02:46:35 : INFO] - Cache for URL: https://specmatic.dvox.biz/roadmap/ has been purged, triggered by action: save_post 
[2024-12-24 02:47:18 : INFO] - Cache for URL: https://specmatic.dvox.biz/roadmap/ has been purged, triggered by action: save_post 
[2024-12-24 02:47:18 : INFO] - Cache for URL: https://specmatic.dvox.biz/roadmap/ has been purged, triggered by action: save_post 
[2024-12-24 02:47:19 : INFO] - Cache for URL: https://specmatic.dvox.biz/roadmap/ has been purged, triggered by action: save_post 
[2024-12-24 02:47:53 : INFO] - Cache for URL: https://specmatic.dvox.biz/roadmap/ has been purged, triggered by action: save_post 
[2024-12-24 02:47:53 : INFO] - Cache for URL: https://specmatic.dvox.biz/roadmap/ has been purged, triggered by action: save_post 
[2024-12-24 02:47:54 : INFO] - Cache for URL: https://specmatic.dvox.biz/roadmap/ has been purged, triggered by action: save_post 
[2024-12-24 03:09:40 : INFO] - Cache for URL: https://specmatic.dvox.biz/roadmap/ has been purged, triggered by action: save_post 
[2024-12-24 03:09:40 : INFO] - Cache for URL: https://specmatic.dvox.biz/roadmap/ has been purged, triggered by action: save_post 
[2024-12-24 03:09:40 : INFO] - Cache for URL: https://specmatic.dvox.biz/roadmap/ has been purged, triggered by action: save_post 
[2024-12-24 04:12:05 : INFO] - Cache for URL: https://specmatic.dvox.biz/case-studies/case-study-cdd-cut-api-cycle-time-by-75-percent/ has been purged, triggered by action: save_post 
[2024-12-24 04:12:05 : INFO] - Cache for URL: https://specmatic.dvox.biz/case-studies/case-study-cdd-cut-api-cycle-time-by-75-percent/ has been purged, triggered by action: save_post 
[2024-12-24 04:12:05 : INFO] - Cache for URL: https://specmatic.dvox.biz/case-studies/case-study-cdd-cut-api-cycle-time-by-75-percent/ has been purged, triggered by action: save_post 
